# JRE version: Java(TM) SE Runtime Environment (17.0.6+9) (build 17.0.6+9-LTS-190)
# Java VM: Java HotSpot(TM) 64-Bit Server VM (17.0.6+9-LTS-190, mixed mode, emulated-client, sharing, tiered, compressed oops, compressed class ptrs, g1 gc, windows-amd64)
GC Precious Log:
 CPUs: 8 total, 8 available
 Memory: 16242M
 Large Page Support: Disabled
 NUMA Support: Disabled
 Compressed Oops: Enabled (Zero based)
 Heap Region Size: 2M
 Heap Min Capacity: 8M
 Heap Initial Capacity: 254M
 Heap Max Capacity: 4062M
 Pre-touch: Disabled
 Parallel Workers: 8
 Concurrent Workers: 2
 Concurrent Refinement Workers: 8
 Periodic GC: Disabled
Heap:
 garbage-first heap   total 139264K, used 85785K [0x0000000702200000, 0x0000000800000000)
  region size 2048K, 7 young (14336K), 2 survivors (4096K)
 Metaspace       used 79242K, committed 80128K, reserved 1122304K
  class space    used 11109K, committed 11456K, reserved 1048576K
GC Heap History (20 events):
Event: 19.882 GC heap before
{Heap before GC invocations=30 (full 0):
 garbage-first heap   total 139264K, used 114599K [0x0000000702200000, 0x0000000800000000)
  region size 2048K, 28 young (57344K), 3 survivors (6144K)
 Metaspace       used 66866K, committed 67456K, reserved 1114112K
  class space    used 9530K, committed 9792K, reserved 1048576K
}
Event: 19.886 GC heap after
{Heap after GC invocations=31 (full 0):
 garbage-first heap   total 139264K, used 64929K [0x0000000702200000, 0x0000000800000000)
  region size 2048K, 3 young (6144K), 3 survivors (6144K)
 Metaspace       used 66866K, committed 67456K, reserved 1114112K
  class space    used 9530K, committed 9792K, reserved 1048576K
}
Event: 20.385 GC heap before
{Heap before GC invocations=31 (full 0):
 garbage-first heap   total 139264K, used 116129K [0x0000000702200000, 0x0000000800000000)
  region size 2048K, 28 young (57344K), 3 survivors (6144K)
 Metaspace       used 67443K, committed 68096K, reserved 1114112K
  class space    used 9570K, committed 9856K, reserved 1048576K
}
Event: 20.389 GC heap after
{Heap after GC invocations=32 (full 0):
 garbage-first heap   total 139264K, used 66300K [0x0000000702200000, 0x0000000800000000)
  region size 2048K, 3 young (6144K), 3 survivors (6144K)
 Metaspace       used 67443K, committed 68096K, reserved 1114112K
  class space    used 9570K, committed 9856K, reserved 1048576K
}
Event: 20.857 GC heap before
{Heap before GC invocations=32 (full 0):
 garbage-first heap   total 139264K, used 117500K [0x0000000702200000, 0x0000000800000000)
  region size 2048K, 28 young (57344K), 3 survivors (6144K)
 Metaspace       used 68097K, committed 68736K, reserved 1114112K
  class space    used 9609K, committed 9920K, reserved 1048576K
}
Event: 20.861 GC heap after
{Heap after GC invocations=33 (full 0):
 garbage-first heap   total 139264K, used 67886K [0x0000000702200000, 0x0000000800000000)
  region size 2048K, 3 young (6144K), 3 survivors (6144K)
 Metaspace       used 68097K, committed 68736K, reserved 1114112K
  class space    used 9609K, committed 9920K, reserved 1048576K
}
Event: 21.139 GC heap before
{Heap before GC invocations=33 (full 0):
 garbage-first heap   total 139264K, used 117038K [0x0000000702200000, 0x0000000800000000)
  region size 2048K, 27 young (55296K), 3 survivors (6144K)
 Metaspace       used 68757K, committed 69376K, reserved 1114112K
  class space    used 9651K, committed 9920K, reserved 1048576K
}
Event: 21.143 GC heap after
{Heap after GC invocations=34 (full 0):
 garbage-first heap   total 139264K, used 69620K [0x0000000702200000, 0x0000000800000000)
  region size 2048K, 3 young (6144K), 3 survivors (6144K)
 Metaspace       used 68757K, committed 69376K, reserved 1114112K
  class space    used 9651K, committed 9920K, reserved 1048576K
}
Event: 21.470 GC heap before
{Heap before GC invocations=35 (full 0):
 garbage-first heap   total 139264K, used 116724K [0x0000000702200000, 0x0000000800000000)
  region size 2048K, 26 young (53248K), 3 survivors (6144K)
 Metaspace       used 69528K, committed 70144K, reserved 1114112K
  class space    used 9703K, committed 9984K, reserved 1048576K
}
Event: 21.475 GC heap after
{Heap after GC invocations=36 (full 0):
 garbage-first heap   total 139264K, used 71162K [0x0000000702200000, 0x0000000800000000)
  region size 2048K, 3 young (6144K), 3 survivors (6144K)
 Metaspace       used 69528K, committed 70144K, reserved 1114112K
  class space    used 9703K, committed 9984K, reserved 1048576K
}
Event: 21.490 GC heap before
{Heap before GC invocations=36 (full 0):
 garbage-first heap   total 139264K, used 73210K [0x0000000702200000, 0x0000000800000000)
  region size 2048K, 4 young (8192K), 3 survivors (6144K)
 Metaspace       used 69528K, committed 70144K, reserved 1114112K
  class space    used 9703K, committed 9984K, reserved 1048576K
}
Event: 21.494 GC heap after
{Heap after GC invocations=37 (full 0):
 garbage-first heap   total 139264K, used 70287K [0x0000000702200000, 0x0000000800000000)
  region size 2048K, 1 young (2048K), 1 survivors (2048K)
 Metaspace       used 69528K, committed 70144K, reserved 1114112K
  class space    used 9703K, committed 9984K, reserved 1048576K
}
Event: 22.063 GC heap before
{Heap before GC invocations=37 (full 0):
 garbage-first heap   total 139264K, used 115343K [0x0000000702200000, 0x0000000800000000)
  region size 2048K, 23 young (47104K), 1 survivors (2048K)
 Metaspace       used 71553K, committed 72256K, reserved 1114112K
  class space    used 9975K, committed 10304K, reserved 1048576K
}
Event: 22.067 GC heap after
{Heap after GC invocations=38 (full 0):
 garbage-first heap   total 139264K, used 72900K [0x0000000702200000, 0x0000000800000000)
  region size 2048K, 2 young (4096K), 2 survivors (4096K)
 Metaspace       used 71553K, committed 72256K, reserved 1114112K
  class space    used 9975K, committed 10304K, reserved 1048576K
}
Event: 75.657 GC heap before
{Heap before GC invocations=39 (full 0):
 garbage-first heap   total 139264K, used 115908K [0x0000000702200000, 0x0000000800000000)
  region size 2048K, 23 young (47104K), 2 survivors (4096K)
 Metaspace       used 75116K, committed 75776K, reserved 1114112K
  class space    used 10483K, committed 10816K, reserved 1048576K
}
Event: 75.672 GC heap after
{Heap after GC invocations=40 (full 0):
 garbage-first heap   total 139264K, used 76011K [0x0000000702200000, 0x0000000800000000)
  region size 2048K, 3 young (6144K), 3 survivors (6144K)
 Metaspace       used 75116K, committed 75776K, reserved 1114112K
  class space    used 10483K, committed 10816K, reserved 1048576K
}
Event: 75.775 GC heap before
{Heap before GC invocations=40 (full 0):
 garbage-first heap   total 139264K, used 78059K [0x0000000702200000, 0x0000000800000000)
  region size 2048K, 4 young (8192K), 3 survivors (6144K)
 Metaspace       used 75638K, committed 76352K, reserved 1114112K
  class space    used 10543K, committed 10880K, reserved 1048576K
}
Event: 75.792 GC heap after
{Heap after GC invocations=41 (full 0):
 garbage-first heap   total 139264K, used 75992K [0x0000000702200000, 0x0000000800000000)
  region size 2048K, 1 young (2048K), 1 survivors (2048K)
 Metaspace       used 75638K, committed 76352K, reserved 1114112K
  class space    used 10543K, committed 10880K, reserved 1048576K
}
Event: 76.254 GC heap before
{Heap before GC invocations=41 (full 0):
 garbage-first heap   total 139264K, used 112856K [0x0000000702200000, 0x0000000800000000)
  region size 2048K, 20 young (40960K), 1 survivors (2048K)
 Metaspace       used 79327K, committed 80000K, reserved 1122304K
  class space    used 11144K, committed 11456K, reserved 1048576K
}
Event: 76.257 GC heap after
{Heap after GC invocations=42 (full 0):
 garbage-first heap   total 139264K, used 77593K [0x0000000702200000, 0x0000000800000000)
  region size 2048K, 2 young (4096K), 2 survivors (4096K)
 Metaspace       used 79327K, committed 80000K, reserved 1122304K
  class space    used 11144K, committed 11456K, reserved 1048576K
}

